g:\programming\covertclub\covertsdk\covertbypass\x64\release\vc142.pdb
g:\programming\covertclub\covertsdk\covertbypass\x64\release\bypass.obj
g:\programming\covertclub\covertsdk\covertbypass\x64\release\be.obj
g:\programming\covertclub\covertsdk\covertbypass\x64\release\hook.obj
g:\programming\covertclub\covertsdk\covertbypass\x64\release\eos.obj
g:\programming\covertclub\covertsdk\covertbypass\x64\release\entry.obj
g:\programming\covertclub\covertsdk\covertbypass\x64\release\eac.obj
g:\programming\covertclub\covertsdk\covertbypass\x64\release\platform.obj
g:\programming\covertclub\covertsdk\covertbypass\x64\release\memory.obj
g:\programming\covertclub\covertsdk\covertbypass\x64\release\anticheat.obj
g:\programming\covertclub\covertsdk\covertbypass\x64\release\ricochet.obj
g:\programming\covertclub\covertsdk\x64\release\covertbypass.sys
g:\programming\covertclub\covertsdk\x64\release\covertbypass.pdb
g:\programming\covertclub\covertsdk\covertbypass\x64\release\covertbypass.inf
g:\programming\covertclub\covertsdk\x64\release\covertbypass.cer
g:\programming\covertclub\covertsdk\x64\release\covertbypass.inf
g:\programming\covertclub\covertsdk\covertbypass\x64\release\covertbypass.tlog\cl.command.1.tlog
g:\programming\covertclub\covertsdk\covertbypass\x64\release\covertbypass.tlog\cl.read.1.tlog
g:\programming\covertclub\covertsdk\covertbypass\x64\release\covertbypass.tlog\cl.write.1.tlog
g:\programming\covertclub\covertsdk\covertbypass\x64\release\covertbypass.tlog\link.command.1.tlog
g:\programming\covertclub\covertsdk\covertbypass\x64\release\covertbypass.tlog\link.read.1.tlog
g:\programming\covertclub\covertsdk\covertbypass\x64\release\covertbypass.tlog\link.write.1.tlog
g:\programming\covertclub\covertsdk\covertbypass\x64\release\covertbypass.tlog\signtool.command.1.tlog
g:\programming\covertclub\covertsdk\covertbypass\x64\release\covertbypass.tlog\signtool.read.1.tlog
g:\programming\covertclub\covertsdk\covertbypass\x64\release\covertbypass.tlog\signtool.timestamp.1.tlog
g:\programming\covertclub\covertsdk\covertbypass\x64\release\covertbypass.tlog\signtool.write.1.tlog
g:\programming\covertclub\covertsdk\covertbypass\x64\release\covertbypass.tlog\stampinf.command.1.tlog
g:\programming\covertclub\covertsdk\covertbypass\x64\release\covertbypass.tlog\stampinf.read.1.tlog
g:\programming\covertclub\covertsdk\covertbypass\x64\release\covertbypass.tlog\stampinf.write.1.tlog
